<?xml version="1.0" encoding="utf-8"?><testsuites><testsuite name="pytest" errors="0" failures="0" skipped="0" tests="4" time="10.202" timestamp="2025-03-07T05:03:25.975699" hostname="codespaces-a203a2"><testcase classname="tests.model.test_model.TestModel" name="test_model_fit" time="4.479" /><testcase classname="tests.model.test_model.TestModel" name="test_model_predict" time="0.344" /><testcase classname="tests.model.test_model.TestModel" name="test_model_preprocess_for_serving" time="0.208" /><testcase classname="tests.model.test_model.TestModel" name="test_model_preprocess_for_training" time="4.166" /></testsuite></testsuites>