<?xml version="1.0" encoding="utf-8"?><testsuites><testsuite name="pytest" errors="0" failures="0" skipped="0" tests="4" time="9.851" timestamp="2025-03-08T06:49:54.217647" hostname="codespaces-a203a2"><testcase classname="tests.model.test_model.TestModel" name="test_model_fit" time="4.544" /><testcase classname="tests.model.test_model.TestModel" name="test_model_predict" time="0.251" /><testcase classname="tests.model.test_model.TestModel" name="test_model_preprocess_for_serving" time="0.131" /><testcase classname="tests.model.test_model.TestModel" name="test_model_preprocess_for_training" time="3.954" /></testsuite></testsuites>