<?xml version="1.0" encoding="utf-8"?><testsuites><testsuite name="pytest" errors="0" failures="0" skipped="0" tests="4" time="1.404" timestamp="2025-03-07T08:06:11.725342" hostname="codespaces-a203a2"><testcase classname="tests.api.test_api.TestBatchPipeline" name="test_should_failed_unkown_column_1" time="0.027" /><testcase classname="tests.api.test_api.TestBatchPipeline" name="test_should_failed_unkown_column_2" time="0.005" /><testcase classname="tests.api.test_api.TestBatchPipeline" name="test_should_failed_unkown_column_3" time="0.006" /><testcase classname="tests.api.test_api.TestBatchPipeline" name="test_should_get_predict" time="0.009" /></testsuite></testsuites>