<?xml version="1.0" encoding="utf-8"?><testsuites><testsuite name="pytest" errors="0" failures="0" skipped="0" tests="4" time="9.615" timestamp="2025-03-07T05:50:27.439088" hostname="codespaces-a203a2"><testcase classname="tests.model.test_model.TestModel" name="test_model_fit" time="4.357" /><testcase classname="tests.model.test_model.TestModel" name="test_model_predict" time="0.268" /><testcase classname="tests.model.test_model.TestModel" name="test_model_preprocess_for_serving" time="0.138" /><testcase classname="tests.model.test_model.TestModel" name="test_model_preprocess_for_training" time="3.854" /></testsuite></testsuites>